Build started 2/28/2017 9:56:29 AM.
     1>Project "C:\Users\kgeorge8\Source\Repos\CSCI-1010-Homework\george-pass5\george-pass5\george-pass5.vcxproj" on node 2 (Build target(s)).
     1>Link:
         C:\Program Files (x86)\Microsoft Visual Studio 12.0\VC\bin\link.exe /ERRORREPORT:PROMPT /OUT:"C:\Users\kgeorge8\Source\Repos\CSCI-1010-Homework\george-pass5\Debug\george-pass5.exe" /INCREMENTAL /NOLOGO kernel32.lib user32.lib gdi32.lib winspool.lib comdlg32.lib advapi32.lib shell32.lib ole32.lib oleaut32.lib uuid.lib odbc32.lib odbccp32.lib /MANIFEST /MANIFESTUAC:"level='asInvoker' uiAccess='false'" /manifest:embed /DEBUG /PDB:"C:\Users\kgeorge8\Source\Repos\CSCI-1010-Homework\george-pass5\Debug\george-pass5.pdb" /TLBID:1 /DYNAMICBASE /NXCOMPAT /IMPLIB:"C:\Users\kgeorge8\Source\Repos\CSCI-1010-Homework\george-pass5\Debug\george-pass5.lib" /MACHINE:X86 "Debug\george-PASS-6.obj"
         "Debug\george-pass5.obj"
     1>george-pass5.obj : error LNK2005: _main already defined in george-PASS-6.obj
     1>C:\Users\kgeorge8\Source\Repos\CSCI-1010-Homework\george-pass5\Debug\george-pass5.exe : fatal error LNK1169: one or more multiply defined symbols found
     1>Done Building Project "C:\Users\kgeorge8\Source\Repos\CSCI-1010-Homework\george-pass5\george-pass5\george-pass5.vcxproj" (Build target(s)) -- FAILED.

Build FAILED.

Time Elapsed 00:00:00.13
